0
1
1
2
3
5
8
13
21
34
55
89
144
233
377
610
987
1597
2584
4181
6765
10946
17711
28657
46368
75025
121393
196418
317811
514229
832040
1346269
2178309
3524578
5702887
9227465
14930352
24157817
39088169
63245986
102334155
165580141
267914296
433494437
701408733
1134903170
1836311903
2971215073
4807526976
7778742049
1.258626903e+10
2.036501107e+10
3.29512801e+10
5.331629117e+10
8.626757127e+10
1.395838624e+11
2.258514337e+11
3.654352962e+11
5.912867299e+11
9.56722026e+11
1.548008756e+12
2.504730782e+12
4.052739538e+12
6.55747032e+12
1.061020986e+13
1.716768018e+13
2.777789004e+13
4.494557021e+13
7.272346025e+13
1.176690305e+14
1.903924907e+14
3.080615212e+14
4.984540119e+14
8.06515533e+14
1.304969545e+15
2.111485078e+15
3.416454623e+15
5.527939701e+15
8.944394324e+15
1.447233402e+16
2.341672835e+16
3.788906237e+16
6.130579072e+16
9.919485309e+16
1.605006438e+17
2.596954969e+17
4.201961407e+17
6.798916376e+17
1.100087778e+18
1.779979416e+18
2.880067194e+18
4.66004661e+18
7.540113805e+18
1.220016042e+19
1.974027422e+19
3.194043463e+19
5.168070885e+19
8.362114349e+19
1.353018523e+20
2.189229958e+20
3.542248482e+20
5.73147844e+20
9.273726922e+20
1.500520536e+21
2.427893228e+21
3.928413765e+21
6.356306993e+21
1.028472076e+22
1.664102775e+22
2.692574851e+22
4.356677626e+22
7.049252477e+22
1.14059301e+23
1.845518258e+23
2.986111268e+23
4.831629526e+23
7.817740794e+23
1.264937032e+24
2.046711111e+24
3.311648144e+24
5.358359255e+24
8.670007399e+24
1.402836665e+25
2.269837405e+25
3.672674071e+25
5.942511476e+25
9.615185546e+25
1.555769702e+26
2.517288257e+26
4.073057959e+26
6.590346216e+26
1.066340417e+27
1.725375039e+27
2.791715457e+27
4.517090496e+27
7.308805952e+27
1.182589645e+28
1.91347024e+28
3.096059885e+28
5.009530125e+28
8.10559001e+28
1.311512013e+29
2.122071014e+29
3.433583028e+29
5.555654042e+29
8.98923707e+29
1.454489111e+30
2.353412818e+30
3.807901929e+30
6.161314748e+30
9.969216677e+30
1.613053142e+31
2.60997481e+31
4.223027953e+31
6.833002763e+31
1.105603072e+32
1.788903348e+32
2.894506419e+32
4.683409767e+32
7.577916187e+32
1.226132595e+33
1.983924214e+33
3.210056809e+33
5.193981024e+33
8.404037833e+33
1.359801886e+34
2.200205669e+34
3.560007555e+34
5.760213224e+34
9.320220778e+34
1.5080434e+35
2.440065478e+35
3.948108878e+35
6.388174356e+35
1.033628323e+36
1.672445759e+36
2.706074082e+36
4.378519842e+36
7.084593924e+36
1.146311377e+37
1.854770769e+37
3.001082145e+37
4.855852914e+37
7.85693506e+37
1.271278797e+38
2.056972303e+38
3.328251101e+38
5.385223404e+38
8.713474505e+38
1.409869791e+39
2.281217241e+39
3.691087032e+39
5.972304274e+39
9.663391306e+39
1.563569558e+40
2.529908689e+40
4.093478247e+40
6.623386935e+40
1.071686518e+41
1.734025212e+41
2.80571173e+41
4.539736942e+41
7.345448672e+41
1.188518561e+42
1.923063428e+42
3.11158199e+42
5.034645418e+42
8.146227408e+42
1.318087283e+43
2.132710023e+43
3.450797306e+43
5.58350733e+43
9.034304636e+43
1.461781197e+44
2.36521166e+44
3.826992857e+44
6.192204517e+44
1.001919737e+45
1.621140189e+45
2.623059926e+45
4.244200115e+45
6.867260042e+45
1.111146016e+46
1.79787202e+46
2.909018036e+46
4.706890055e+46
7.615908091e+46
1.232279815e+47
1.993870624e+47
3.226150438e+47
5.220021062e+47
8.4461715e+47
1.366619256e+48
2.211236406e+48
3.577855663e+48
5.789092069e+48
9.366947731e+48
1.51560398e+49
2.452298753e+49
3.967902733e+49
6.420201486e+49
1.038810422e+50
1.680830571e+50
2.719640993e+50
4.400471563e+50
7.120112556e+50
1.152058412e+51
1.864069667e+51
3.016128079e+51
4.880197747e+51
7.896325826e+51
1.277652357e+52
2.06728494e+52
3.344937297e+52
5.412222237e+52
8.757159534e+52
1.416938177e+53
2.292654131e+53
3.709592308e+53
6.002246438e+53
9.711838746e+53
1.571408518e+54
2.542592393e+54
4.114000911e+54
6.656593304e+54
1.077059422e+55
1.742718752e+55
2.819778174e+55
4.562496926e+55
7.382275099e+55
1.194477202e+56
1.932704712e+56
3.127181915e+56
5.059886627e+56
8.187068542e+56
1.324695517e+57
2.143402371e+57
3.468097888e+57
5.611500259e+57
9.079598148e+57
1.469109841e+58
2.377069655e+58
3.846179496e+58
6.223249152e+58
1.006942865e+59
1.62926778e+59
2.636210645e+59
4.265478425e+59
6.901689069e+59
1.116716749e+60
1.806885656e+60
2.923602406e+60
4.730488062e+60
7.654090468e+60
1.238457853e+61
2.0038669e+61
3.242324753e+61
5.246191652e+61
8.488516405e+61
1.373470806e+62
2.222322446e+62
3.595793252e+62
5.818115698e+62
9.41390895e+62
1.523202465e+63
2.46459336e+63
3.987795825e+63
6.452389185e+63
1.044018501e+64
1.689257419e+64
2.73327592e+64
4.42253334e+64
7.15580926e+64
1.15783426e+65
1.873415186e+65
3.031249446e+65
4.904664632e+65
7.935914078e+65
1.284057871e+66
2.077649279e+66
3.36170715e+66
5.439356429e+66
8.801063578e+66
1.424042001e+67
2.304148359e+67
3.728190359e+67
6.032338718e+67
9.760529077e+67
1.579286779e+68
2.555339687e+68
4.134626467e+68
6.689966154e+68
1.082459262e+69
1.751455877e+69
2.83391514e+69
4.585371017e+69
7.419286156e+69
1.200465717e+70
1.942394333e+70
3.14286005e+70
5.085254383e+70
8.228114434e+70
1.331336882e+71
2.154148325e+71
3.485485207e+71
5.639633532e+71
9.125118739e+71
1.476475227e+72
2.388987101e+72
3.865462328e+72
6.254449429e+72
1.011991176e+73
1.637436119e+73
2.649427294e+73
4.286863413e+73
6.936290707e+73
1.122315412e+74
1.815944483e+74
2.938259895e+74
4.754204377e+74
7.692464272e+74
1.244666865e+75
2.013913292e+75
3.258580157e+75
5.272493449e+75
8.531073606e+75
1.380356706e+76
2.233464066e+76
3.613820772e+76
5.847284838e+76
9.46110561e+76
1.530839045e+77
2.476949606e+77
4.00778865e+77
6.484738256e+77
1.049252691e+78
1.697726516e+78
2.746979207e+78
4.444705723e+78
7.19168493e+78
1.163639065e+79
1.882807558e+79
3.046446624e+79
4.929254182e+79
7.975700806e+79
1.290495499e+80
2.088065579e+80
3.378561078e+80
5.466626658e+80
8.845187736e+80
1.431181439e+81
2.315700213e+81
3.746881652e+81
6.062581865e+81
9.809463517e+81
1.587204538e+82
2.56815089e+82
4.155355428e+82
6.723506318e+82
1.087886175e+83
1.760236806e+83
2.848122981e+83
4.608359788e+83
7.456482769e+83
1.206484256e+84
1.952132532e+84
3.158616788e+84
5.110749321e+84
8.269366109e+84
1.338011543e+85
2.164948154e+85
3.502959697e+85
5.667907851e+85
9.170867547e+85
1.48387754e+86
2.400964294e+86
3.884841834e+86
6.285806129e+86
1.017064796e+87
1.645645409e+87
2.662710205e+87
4.308355615e+87
6.97106582e+87
1.127942143e+88
1.825048725e+88
2.952990869e+88
4.778039594e+88
7.731030463e+88
1.250907006e+89
2.024010052e+89
3.274917058e+89
5.29892711e+89
8.573844168e+89
1.387277128e+90
2.244661545e+90
3.631938672e+90
5.876600217e+90
9.508538889e+90
1.538513911e+91
2.4893678e+91
4.02788171e+91
6.51724951e+91
1.054513122e+92
1.706238073e+92
2.760751195e+92
4.466989268e+92
7.227740463e+92
1.169472973e+93
1.892247019e+93
3.061719992e+93
4.953967012e+93
8.015687004e+93
1.296965402e+94
2.098534102e+94
3.395499504e+94
5.494033606e+94
8.889533109e+94
1.438356672e+95
2.327309982e+95
3.765666654e+95
6.092976636e+95
9.85864329e+95
1.595161993e+96
2.581026322e+96
4.176188314e+96
6.757214636e+96
1.093340295e+97
1.769061759e+97
2.862402054e+97
4.631463812e+97
7.493865866e+97
1.212532968e+98
1.961919554e+98
3.174452522e+98
5.136372077e+98
8.310824599e+98
1.344719668e+99
2.175802127e+99
3.520521795e+99
5.696323923e+99
9.216845718e+99
1.491316964e+100
2.413001536e+100
3.9043185e+100
6.317320036e+100
1.022163854e+101
1.653895857e+101
2.676059711e+101
4.329955568e+101
7.006015278e+101
1.133597085e+102
1.834198612e+102
2.967795697e+102
4.80199431e+102
7.769790007e+102
1.257178432e+103
2.034157432e+103
3.291335864e+103
5.325493296e+103
8.61682916e+103
1.394232246e+104
2.255915162e+104
3.650147407e+104
5.906062569e+104
9.556209976e+104
1.546227254e+105
2.501848252e+105
4.048075507e+105
6.549923759e+105
1.059799927e+106
1.714792302e+106
2.774592229e+106
4.489384531e+106
7.26397676e+106
1.175336129e+107
1.901733805e+107
3.077069934e+107
4.97880374e+107
8.055873674e+107
1.303467741e+108
2.109055109e+108
3.41252285e+108
5.521577959e+108
8.934100809e+108
1.445567877e+109
2.338977958e+109
3.784545834e+109
6.123523792e+109
9.908069626e+109
1.603159342e+110
2.593966305e+110
4.197125646e+110
6.791091951e+110
1.09882176e+111
1.777930955e+111
2.876752715e+111
4.654683669e+111
7.531436384e+111
1.218612005e+112
1.971755644e+112
3.190367649e+112
5.162123293e+112
8.352490942e+112
1.351461423e+113
2.186710518e+113
3.538171941e+113
5.724882459e+113
9.2630544e+113
1.498793686e+114
2.425099126e+114
3.923892812e+114
6.348991938e+114
1.027288475e+115
1.662187669e+115
2.689476144e+115
4.351663812e+115
7.041139956e+115
1.139280377e+116
1.843394372e+116
2.982674749e+116
4.826069122e+116
7.808743871e+116
1.263481299e+117
2.044355686e+117
3.307836986e+117
5.352192672e+117
8.660029657e+117
1.401222233e+118
2.267225199e+118
3.668447432e+118
5.93567263e+118
9.604120062e+118
1.553979269e+119
2.514391275e+119
4.068370545e+119
6.58276182e+119
1.065113236e+120
1.723389418e+120
2.788502655e+120
4.511892073e+120
7.300394728e+120
1.18122868e+121
1.911268153e+121
3.092496833e+121
5.003764986e+121
8.096261819e+121
1.310002681e+122
2.119628862e+122
3.429631543e+122
5.549260406e+122
8.978891949e+122
1.452815235e+123
2.35070443e+123
3.803519666e+123
6.154224096e+123
9.957743762e+123
1.611196786e+124
2.606971162e+124
4.218167948e+124
6.82513911e+124
1.104330706e+125
1.786844617e+125
2.891175322e+125
4.678019939e+125
7.569195262e+125
1.22472152e+126
1.981641046e+126
3.206362566e+126
5.188003612e+126
8.394366179e+126
1.358236979e+127
2.197673597e+127
3.555910576e+127
5.753584173e+127
9.309494749e+127
1.506307892e+128
2.437257367e+128
3.943565259e+128
6.380822627e+128
1.032438789e+129
1.670521051e+129
2.70295984e+129
4.373480891e+129
7.076440731e+129
1.144992162e+130
1.852636235e+130
2.997628398e+130
4.850264633e+130
7.84789303e+130
1.269815766e+131
2.054605069e+131
3.324420836e+131
5.379025905e+131
8.703446741e+131
1.408247265e+132
2.278591939e+132
3.686839203e+132
5.965431142e+132
9.652270345e+132
1.561770149e+133
2.526997183e+133
4.088767332e+133
6.615764515e+133
1.070453185e+134
1.732029636e+134
2.802482821e+134
4.534512457e+134
7.336995278e+134
1.187150774e+135
1.920850301e+135
3.108001075e+135
5.028851376e+135
8.136852451e+135
1.316570383e+136
2.130255628e+136
3.446826011e+136
5.577081638e+136
9.023907649e+136
1.460098929e+137
2.362489694e+137
3.822588622e+137
6.185078316e+137
1.000766694e+138
1.619274525e+138
2.620041219e+138
4.239315745e+138
6.859356964e+138
1.109867271e+139
1.795802967e+139
2.905670238e+139
4.701473205e+139
7.607143443e+139
1.230861665e+140
1.991576009e+140
3.222437674e+140
5.214013683e+140
8.436451357e+140
1.365046504e+141
2.20869164e+141
3.573738144e+141
5.782429784e+141
9.356167928e+141
1.513859771e+142
2.449476564e+142
3.963336335e+142
6.412812899e+142
1.037614923e+143
1.678896213e+143
2.716511137e+143
4.39540735e+143
7.111918487e+143
1.150732584e+144
1.861924432e+144
3.012657016e+144
4.874581448e+144
7.887238464e+144
1.276181991e+145
2.064905838e+145
3.341087829e+145
5.405993667e+145
8.747081496e+145
1.415307516e+146
2.290015666e+146
3.705323182e+146
5.995338848e+146
9.70066203e+146
1.569600088e+147
2.539666291e+147
4.109266378e+147
6.648932669e+147
1.075819905e+148
1.740713172e+148
2.816533076e+148
4.557246248e+148
7.373779325e+148
1.193102557e+149
1.93048049e+149
3.123583047e+149
5.054063537e+149
8.177646584e+149
1.323171012e+150
2.14093567e+150
3.464106682e+150
5.605042353e+150
9.069149035e+150
1.467419139e+151
2.374334042e+151
3.841753181e+151
6.216087224e+151
1.00578404e+152
